This is pdfTeX, Version 3.14159265-2.6-1.40.21 (TeX Live 2020) (preloaded format=pdflatex 2020.4.7)  18 JUL 2020 03:05
entering extended mode
 restricted \write18 enabled.
 file:line:error style messages enabled.
 %&-line parsing enabled.
**main.tex
(./main.tex
LaTeX2e <2020-02-02> patch level 5
L3 programming layer <2020-03-06>
(/usr/local/texlive/2020/texmf-dist/tex/latex/revtex4/revtex4.cls
Document Class: revtex4 2001/08/02 v4.0 (http://publish.aps.org/revtex4/ for do
cumentation)
 Copyright (c) 2001 The American Physical Society.
 mailto:revtex@aps.org
 Licensed under the LPPL:
http://www.ctan.org/tex-archive/macros/latex/base/lppl.txt
 Arthur Ogawa <ogawa@teleport.com>
 Based on work by David Carlisle <david@dcarlisle.demon.co.uk>.
ltxutil: portions licensed from W. E. Baxter (web@superscript.com)
Class revtex4 Info: Repairing broken LateX \@sect on input line 596.
\intertabularlinepenalty=\count167
\@tbpen=\count168
\@arstrutbox@hline=\box45
Class revtex4 Info: Repairing broken LaTeX \@xbitor on input line 1610.
ltxgrid: portions licensed from W. E. Baxter (web@superscript.com)
\c@linecount=\count169
\output=\toks15
\@protection@box=\box46
\@topmark@saved=\toks16
\footins@saved=\box47
\pagesofar=\box48
\footbox=\box49
\pagegrid@col=\count170
Class revtex4 Info: Incorporating package {textcase}  [1998/11/12 v0.06 Text on
ly upper/lower case changing (DPC)]. on input line 3682.
(/usr/local/texlive/2020/texmf-dist/tex/latex/url/url.sty
\Urlmuskip=\muskip16
Package: url 2013/09/16  ver 3.4  Verb mode for urls, etc.
)
\c@affil=\count171
\absbox=\box50
\c@part=\count172
\c@section=\count173
\c@subsection=\count174
\c@subsubsection=\count175
\c@paragraph=\count176
\c@subparagraph=\count177
\abovecaptionskip=\skip47
\belowcaptionskip=\skip48
\c@figure=\count178
\c@table=\count179

(/usr/local/texlive/2020/texmf-dist/tex/latex/natbib/natbib.sty
Package: natbib 2010/09/13 8.31b (PWD, AO)
\bibhang=\skip49
\bibsep=\skip50
LaTeX Info: Redefining \cite on input line 694.
\c@NAT@ctr=\count180
)
\widetext@top=\box51
\widetext@bot=\box52

(/usr/local/texlive/2020/texmf-dist/tex/latex/revtex4/revsymb.sty
Package: revsymb 2001/08/02 v4.0 (http://publish.aps.org/revtex4/ for documenta
tion)
LaTeX Info: Redefining \REV@mathfrak on input line 118.
))
(/usr/local/texlive/2020/texmf-dist/tex/latex/revtex4/aps.rtx
File: aps.rtx 2001/08/02 v4.0 (http://publish.aps.org/revtex4/ for documentatio
n)
)
(/usr/local/texlive/2020/texmf-dist/tex/latex/revtex4/10pt.rtx
File: 10pt.rtx 2001/08/02 v4.0 (http://publish.aps.org/revtex4/ for documentati
on)
)
(/usr/local/texlive/2020/texmf-dist/tex/latex/base/inputenc.sty
Package: inputenc 2018/08/11 v1.3c Input encoding file
\inpenc@prehook=\toks17
\inpenc@posthook=\toks18
)
(/usr/local/texlive/2020/texmf-dist/tex/latex/base/fontenc.sty
Package: fontenc 2020/02/11 v2.0o Standard LaTeX package
)
(/usr/local/texlive/2020/texmf-dist/tex/latex/amsmath/amsmath.sty
Package: amsmath 2020/01/20 v2.17e AMS math features
\@mathmargin=\skip51

For additional information on amsmath, use the `?' option.
(/usr/local/texlive/2020/texmf-dist/tex/latex/amsmath/amstext.sty
Package: amstext 2000/06/29 v2.01 AMS text

(/usr/local/texlive/2020/texmf-dist/tex/latex/amsmath/amsgen.sty
File: amsgen.sty 1999/11/30 v2.0 generic functions
\@emptytoks=\toks19
\ex@=\dimen134
))
(/usr/local/texlive/2020/texmf-dist/tex/latex/amsmath/amsbsy.sty
Package: amsbsy 1999/11/29 v1.2d Bold Symbols
\pmbraise@=\dimen135
)
(/usr/local/texlive/2020/texmf-dist/tex/latex/amsmath/amsopn.sty
Package: amsopn 2016/03/08 v2.02 operator names
)
\inf@bad=\count181
LaTeX Info: Redefining \frac on input line 227.
\uproot@=\count182
\leftroot@=\count183
LaTeX Info: Redefining \overline on input line 389.
\classnum@=\count184
\DOTSCASE@=\count185
LaTeX Info: Redefining \ldots on input line 486.
LaTeX Info: Redefining \dots on input line 489.
LaTeX Info: Redefining \cdots on input line 610.
\Mathstrutbox@=\box53
\strutbox@=\box54
\big@size=\dimen136
LaTeX Font Info:    Redeclaring font encoding OML on input line 733.
LaTeX Font Info:    Redeclaring font encoding OMS on input line 734.
\macc@depth=\count186
\c@MaxMatrixCols=\count187
\dotsspace@=\muskip17
\c@parentequation=\count188
\dspbrk@lvl=\count189
\tag@help=\toks20
\row@=\count190
\column@=\count191
\maxfields@=\count192
\andhelp@=\toks21
\eqnshift@=\dimen137
\alignsep@=\dimen138
\tagshift@=\dimen139
\tagwidth@=\dimen140
\totwidth@=\dimen141
\lineht@=\dimen142
\@envbody=\toks22
\multlinegap=\skip52
\multlinetaggap=\skip53
\mathdisplay@stack=\toks23
LaTeX Info: Redefining \[ on input line 2859.
LaTeX Info: Redefining \] on input line 2860.
)
(/usr/local/texlive/2020/texmf-dist/tex/latex/amsfonts/amssymb.sty
Package: amssymb 2013/01/14 v3.01 AMS font symbols

(/usr/local/texlive/2020/texmf-dist/tex/latex/amsfonts/amsfonts.sty
Package: amsfonts 2013/01/14 v3.01 Basic AMSFonts support
\symAMSa=\mathgroup4
\symAMSb=\mathgroup5
LaTeX Font Info:    Redeclaring math symbol \hbar on input line 98.
LaTeX Font Info:    Overwriting math alphabet `\mathfrak' in version `bold'
(Font)                  U/euf/m/n --> U/euf/b/n on input line 106.
LaTeX Info: Redefining \frak on input line 111.
LaTeX Info: Redefining \Bbb on input line 113.
))
(/usr/local/texlive/2020/texmf-dist/tex/latex/tools/bm.sty
Package: bm 2019/07/24 v1.2d Bold Symbol Support (DPC/FMi)
\symboldoperators=\mathgroup6
\symboldletters=\mathgroup7
\symboldsymbols=\mathgroup8
LaTeX Font Info:    Redeclaring math alphabet \mathbf on input line 141.
LaTeX Info: Redefining \bm on input line 209.
)
(/usr/local/texlive/2020/texmf-dist/tex/latex/bbm-macros/bbm.sty
Package: bbm 1999/03/15 V 1.2 provides fonts for set symbols - TH
LaTeX Font Info:    Overwriting math alphabet `\mathbbm' in version `bold'
(Font)                  U/bbm/m/n --> U/bbm/bx/n on input line 33.
LaTeX Font Info:    Overwriting math alphabet `\mathbbmss' in version `bold'
(Font)                  U/bbmss/m/n --> U/bbmss/bx/n on input line 35.
)
(/usr/local/texlive/2020/texmf-dist/tex/latex/graphics/graphicx.sty
Package: graphicx 2019/11/30 v1.2a Enhanced LaTeX Graphics (DPC,SPQR)

(/usr/local/texlive/2020/texmf-dist/tex/latex/graphics/keyval.sty
Package: keyval 2014/10/28 v1.15 key=value parser (DPC)
\KV@toks@=\toks24
)
(/usr/local/texlive/2020/texmf-dist/tex/latex/graphics/graphics.sty
Package: graphics 2019/11/30 v1.4a Standard LaTeX Graphics (DPC,SPQR)

(/usr/local/texlive/2020/texmf-dist/tex/latex/graphics/trig.sty
Package: trig 2016/01/03 v1.10 sin cos tan (DPC)
)
(/usr/local/texlive/2020/texmf-dist/tex/latex/graphics-cfg/graphics.cfg
File: graphics.cfg 2016/06/04 v1.11 sample graphics configuration
)
Package graphics Info: Driver file: pdftex.def on input line 105.

(/usr/local/texlive/2020/texmf-dist/tex/latex/graphics-def/pdftex.def
File: pdftex.def 2018/01/08 v1.0l Graphics/color driver for pdftex
))
\Gin@req@height=\dimen143
\Gin@req@width=\dimen144
)
(/usr/local/texlive/2020/texmf-dist/tex/latex/graphics/color.sty
Package: color 2019/11/23 v1.2a Standard LaTeX Color (DPC)

(/usr/local/texlive/2020/texmf-dist/tex/latex/graphics-cfg/color.cfg
File: color.cfg 2016/01/02 v1.6 sample color configuration
)
Package color Info: Driver file: pdftex.def on input line 147.
)
(/usr/local/texlive/2020/texmf-dist/tex/latex/doublestroke/dsfont.sty
Package: dsfont 1995/08/01 v0.1 Double stroke roman fonts
)
(/usr/local/texlive/2020/texmf-dist/tex/latex/hyperref/hyperref.sty
Package: hyperref 2020/01/14 v7.00d Hypertext links for LaTeX

(/usr/local/texlive/2020/texmf-dist/tex/generic/ltxcmds/ltxcmds.sty
Package: ltxcmds 2019/12/15 v1.24 LaTeX kernel commands for general use (HO)
)
(/usr/local/texlive/2020/texmf-dist/tex/generic/iftex/iftex.sty
Package: iftex 2020/03/06 v1.0d TeX engine tests
)
(/usr/local/texlive/2020/texmf-dist/tex/latex/pdftexcmds/pdftexcmds.sty
Package: pdftexcmds 2019/11/24 v0.31 Utility functions of pdfTeX for LuaTeX (HO
)

(/usr/local/texlive/2020/texmf-dist/tex/generic/infwarerr/infwarerr.sty
Package: infwarerr 2019/12/03 v1.5 Providing info/warning/error messages (HO)
)
Package pdftexcmds Info: \pdf@primitive is available.
Package pdftexcmds Info: \pdf@ifprimitive is available.
Package pdftexcmds Info: \pdfdraftmode found.
)
(/usr/local/texlive/2020/texmf-dist/tex/generic/kvsetkeys/kvsetkeys.sty
Package: kvsetkeys 2019/12/15 v1.18 Key value parser (HO)
)
(/usr/local/texlive/2020/texmf-dist/tex/generic/kvdefinekeys/kvdefinekeys.sty
Package: kvdefinekeys 2019-12-19 v1.6 Define keys (HO)
)
(/usr/local/texlive/2020/texmf-dist/tex/generic/pdfescape/pdfescape.sty
Package: pdfescape 2019/12/09 v1.15 Implements pdfTeX's escape features (HO)
)
(/usr/local/texlive/2020/texmf-dist/tex/latex/hycolor/hycolor.sty
Package: hycolor 2020-01-27 v1.10 Color options for hyperref/bookmark (HO)
)
(/usr/local/texlive/2020/texmf-dist/tex/latex/letltxmacro/letltxmacro.sty
Package: letltxmacro 2019/12/03 v1.6 Let assignment for LaTeX macros (HO)
)
(/usr/local/texlive/2020/texmf-dist/tex/latex/auxhook/auxhook.sty
Package: auxhook 2019-12-17 v1.6 Hooks for auxiliary files (HO)
)
(/usr/local/texlive/2020/texmf-dist/tex/latex/kvoptions/kvoptions.sty
Package: kvoptions 2019/11/29 v3.13 Key value format for package options (HO)
)
\@linkdim=\dimen145
\Hy@linkcounter=\count193
\Hy@pagecounter=\count194

(/usr/local/texlive/2020/texmf-dist/tex/latex/hyperref/pd1enc.def
File: pd1enc.def 2020/01/14 v7.00d Hyperref: PDFDocEncoding definition (HO)
Now handling font encoding PD1 ...
... no UTF-8 mapping file for font encoding PD1
)
(/usr/local/texlive/2020/texmf-dist/tex/generic/intcalc/intcalc.sty
Package: intcalc 2019/12/15 v1.3 Expandable calculations with integers (HO)
)
(/usr/local/texlive/2020/texmf-dist/tex/generic/etexcmds/etexcmds.sty
Package: etexcmds 2019/12/15 v1.7 Avoid name clashes with e-TeX commands (HO)
)
\Hy@SavedSpaceFactor=\count195
Package hyperref Info: Hyper figures OFF on input line 4547.
Package hyperref Info: Link nesting OFF on input line 4552.
Package hyperref Info: Hyper index ON on input line 4555.
Package hyperref Info: Plain pages OFF on input line 4562.
Package hyperref Info: Backreferencing OFF on input line 4567.
Package hyperref Info: Implicit mode ON; LaTeX internals redefined.
Package hyperref Info: Bookmarks ON on input line 4800.
\c@Hy@tempcnt=\count196
LaTeX Info: Redefining \url on input line 5159.
\XeTeXLinkMargin=\dimen146

(/usr/local/texlive/2020/texmf-dist/tex/generic/bitset/bitset.sty
Package: bitset 2019/12/09 v1.3 Handle bit-vector datatype (HO)

(/usr/local/texlive/2020/texmf-dist/tex/generic/bigintcalc/bigintcalc.sty
Package: bigintcalc 2019/12/15 v1.5 Expandable calculations on big integers (HO
)
))
\Fld@menulength=\count197
\Field@Width=\dimen147
\Fld@charsize=\dimen148
Package hyperref Info: Hyper figures OFF on input line 6430.
Package hyperref Info: Link nesting OFF on input line 6435.
Package hyperref Info: Hyper index ON on input line 6438.
Package hyperref Info: backreferencing OFF on input line 6445.
Package hyperref Info: Link coloring OFF on input line 6450.
Package hyperref Info: Link coloring with OCG OFF on input line 6455.
Package hyperref Info: PDF/A mode OFF on input line 6460.
LaTeX Info: Redefining \ref on input line 6500.
LaTeX Info: Redefining \pageref on input line 6504.

(/usr/local/texlive/2020/texmf-dist/tex/generic/atbegshi/atbegshi.sty
Package: atbegshi 2019/12/05 v1.19 At begin shipout hook (HO)
)
\Hy@abspage=\count198
\c@Item=\count199
\c@Hfootnote=\count266
)
Package hyperref Info: Driver (autodetected): hpdftex.

(/usr/local/texlive/2020/texmf-dist/tex/latex/hyperref/hpdftex.def
File: hpdftex.def 2020/01/14 v7.00d Hyperref driver for pdfTeX

(/usr/local/texlive/2020/texmf-dist/tex/latex/atveryend/atveryend.sty
Package: atveryend 2019-12-11 v1.11 Hooks at the very end of document (HO)
)
\Fld@listcount=\count267
\c@bookmark@seq@number=\count268

(/usr/local/texlive/2020/texmf-dist/tex/latex/rerunfilecheck/rerunfilecheck.sty
Package: rerunfilecheck 2019/12/05 v1.9 Rerun checks for auxiliary files (HO)

(/usr/local/texlive/2020/texmf-dist/tex/generic/uniquecounter/uniquecounter.sty
Package: uniquecounter 2019/12/15 v1.4 Provide unlimited unique counter (HO)
)
Package uniquecounter Info: New unique counter `rerunfilecheck' on input line 2
86.
)
\Hy@SectionHShift=\skip54
)
Package hyperref Info: Option `colorlinks' set `true' on input line 17.

(/usr/local/texlive/2020/texmf-dist/tex/latex/l3backend/l3backend-pdfmode.def
File: l3backend-pdfmode.def 2020-03-12 L3 backend support: PDF mode
\l__kernel_color_stack_int=\count269
\l__pdf_internal_box=\box55
)

LaTeX Warning: Unused global option(s):
    [longbibliography].


(/Users/metafalass/PycharmProjects/quantum_linear_programming/paper/compile/mai
n.aux

LaTeX Warning: Label `eq:matrix_form' multiply defined.


LaTeX Warning: Label `fig:prob_mi' multiply defined.

)
\openout1 = `main.aux'.

LaTeX Font Info:    Checking defaults for OML/cmm/m/it on input line 19.
LaTeX Font Info:    ... okay on input line 19.
LaTeX Font Info:    Checking defaults for OMS/cmsy/m/n on input line 19.
LaTeX Font Info:    ... okay on input line 19.
LaTeX Font Info:    Checking defaults for OT1/cmr/m/n on input line 19.
LaTeX Font Info:    ... okay on input line 19.
LaTeX Font Info:    Checking defaults for T1/cmr/m/n on input line 19.
LaTeX Font Info:    ... okay on input line 19.
LaTeX Font Info:    Checking defaults for TS1/cmr/m/n on input line 19.
LaTeX Font Info:    ... okay on input line 19.
LaTeX Font Info:    Checking defaults for OMX/cmex/m/n on input line 19.
LaTeX Font Info:    ... okay on input line 19.
LaTeX Font Info:    Checking defaults for U/cmr/m/n on input line 19.
LaTeX Font Info:    ... okay on input line 19.
LaTeX Font Info:    Checking defaults for PD1/pdf/m/n on input line 19.
LaTeX Font Info:    ... okay on input line 19.
Class revtex4 Info: Unrecognized LaTeX tabular. Please update this document cla
ss! (Proceeding with fingers crossed.) on input line 19.
Class revtex4 Info: cite was not loaded (OK!) on input line 19.
Class revtex4 Info: multicol was not loaded (OK!) on input line 19.
 (/usr/local/texlive/2020/texmf-dist/tex/context/base/mkii/supp-pdf.mkii
[Loading MPS to PDF converter (version 2006.09.02).]
\scratchcounter=\count270
\scratchdimen=\dimen149
\scratchbox=\box56
\nofMPsegments=\count271
\nofMParguments=\count272
\everyMPshowfont=\toks25
\MPscratchCnt=\count273
\MPscratchDim=\dimen150
\MPnumerator=\count274
\makeMPintoPDFobject=\count275
\everyMPtoPDFconversion=\toks26
) (/usr/local/texlive/2020/texmf-dist/tex/latex/epstopdf-pkg/epstopdf-base.sty
Package: epstopdf-base 2020-01-24 v2.11 Base part for package epstopdf
Package epstopdf-base Info: Redefining graphics rule for `.eps' on input line 4
85.

(/usr/local/texlive/2020/texmf-dist/tex/latex/latexconfig/epstopdf-sys.cfg
File: epstopdf-sys.cfg 2010/07/13 v1.3 Configuration of (r)epstopdf for TeX Liv
e
))
\AtBeginShipoutBox=\box57


Package hyperref Warning: Height of page (\paperheight) is invalid (0.0pt),
(hyperref)                using 11in.

Package hyperref Info: Link coloring ON on input line 19.
(/usr/local/texlive/2020/texmf-dist/tex/latex/hyperref/nameref.sty
Package: nameref 2019/09/16 v2.46 Cross-referencing by name of section

(/usr/local/texlive/2020/texmf-dist/tex/latex/refcount/refcount.sty
Package: refcount 2019/12/15 v3.6 Data extraction from label references (HO)
)
(/usr/local/texlive/2020/texmf-dist/tex/generic/gettitlestring/gettitlestring.s
ty
Package: gettitlestring 2019/12/15 v1.6 Cleanup title references (HO)
)
\c@section@level=\count276
)
LaTeX Info: Redefining \ref on input line 19.
LaTeX Info: Redefining \pageref on input line 19.
LaTeX Info: Redefining \nameref on input line 19.

(/Users/metafalass/PycharmProjects/quantum_linear_programming/paper/compile/mai
n.out)
(/Users/metafalass/PycharmProjects/quantum_linear_programming/paper/compile/mai
n.out)
\@outlinefile=\write3
\openout3 = `main.out'.

LaTeX Font Info:    Trying to load font information for U+msa on input line 42.

 (/usr/local/texlive/2020/texmf-dist/tex/latex/amsfonts/umsa.fd
File: umsa.fd 2013/01/14 v3.01 AMS symbols A
)
LaTeX Font Info:    Trying to load font information for U+msb on input line 42.


(/usr/local/texlive/2020/texmf-dist/tex/latex/amsfonts/umsb.fd
File: umsb.fd 2013/01/14 v3.01 AMS symbols B
)

Package natbib Warning: Citation `2018Glover' on page 1 undefined on input line
 56.


Package natbib Warning: Citation `Chang:2018uoc' on page 1 undefined on input l
ine 90.

LaTeX Font Info:    Trying to load font information for U+dsrom on input line 1
23.
(/usr/local/texlive/2020/texmf-dist/tex/latex/doublestroke/Udsrom.fd
File: Udsrom.fd 1995/08/01 v0.1 Double stroke roman font definitions
) [1{/usr/local/texlive/2020/texmf-var/fonts/map/pdftex/updmap/pdftex.map}]
<./figures/subaru_ds.pdf, id=120, 252.945pt x 453.695pt>
File: ./figures/subaru_ds.pdf Graphic file (type pdf)
<use ./figures/subaru_ds.pdf>
Package pdftex.def Info: ./figures/subaru_ds.pdf  used on input line 171.
(pdftex.def)             Requested size: 101.99844pt x 182.94934pt.
<./figures/subaru_mds4.pdf, id=121, 252.945pt x 451.6875pt>
File: ./figures/subaru_mds4.pdf Graphic file (type pdf)
<use ./figures/subaru_mds4.pdf>
Package pdftex.def Info: ./figures/subaru_mds4.pdf  used on input line 173.
(pdftex.def)             Requested size: 101.99844pt x 182.13983pt.
<./figures/subaru_mds2.pdf, id=122, 252.945pt x 451.6875pt>
File: ./figures/subaru_mds2.pdf Graphic file (type pdf)
<use ./figures/subaru_mds2.pdf>
Package pdftex.def Info: ./figures/subaru_mds2.pdf  used on input line 175.
(pdftex.def)             Requested size: 101.99844pt x 182.13983pt.


Package natbib Warning: Citation `Fomin2009' on page 2 undefined on input line 
182.


Package natbib Warning: Citation `vanRooij2009' on page 2 undefined on input li
ne 182.

<./figures/greedy-1.pdf, id=124, 252.945pt x 451.6875pt>
File: ./figures/greedy-1.pdf Graphic file (type pdf)
<use ./figures/greedy-1.pdf>
Package pdftex.def Info: ./figures/greedy-1.pdf  used on input line 188.
(pdftex.def)             Requested size: 101.99844pt x 182.13983pt.
<./figures/greedy-2.pdf, id=125, 252.945pt x 451.6875pt>
File: ./figures/greedy-2.pdf Graphic file (type pdf)
<use ./figures/greedy-2.pdf>
Package pdftex.def Info: ./figures/greedy-2.pdf  used on input line 190.
(pdftex.def)             Requested size: 101.99844pt x 182.13983pt.
<./figures/greedy-3.pdf, id=126, 252.945pt x 451.6875pt>
File: ./figures/greedy-3.pdf Graphic file (type pdf)
<use ./figures/greedy-3.pdf>
Package pdftex.def Info: ./figures/greedy-3.pdf  used on input line 192.
(pdftex.def)             Requested size: 101.99844pt x 182.13983pt.
<./figures/greedy-4.pdf, id=127, 252.945pt x 451.6875pt>
File: ./figures/greedy-4.pdf Graphic file (type pdf)
<use ./figures/greedy-4.pdf>
Package pdftex.def Info: ./figures/greedy-4.pdf  used on input line 194.
(pdftex.def)             Requested size: 101.99844pt x 182.13983pt.
[2]
LaTeX Font Info:    Trying to load font information for U+bbm on input line 245
.
 (/usr/local/texlive/2020/texmf-dist/tex/latex/bbm-macros/ubbm.fd
File: ubbm.fd 1999/03/15 V 1.2 Font definition for bbm font - TH
) [3 <./figures/subaru_ds.pdf> <./figures/subaru_mds4.pdf> <./figures/subaru_md
s2.pdf> <./figures/greedy-1.pdf> <./figures/greedy-2.pdf> <./figures/greedy-3.p
df> <./figures/greedy-4.pdf>]
<./figures/linear_crop.pdf, id=253, 614.295pt x 794.97pt>
File: ./figures/linear_crop.pdf Graphic file (type pdf)
<use ./figures/linear_crop.pdf>
Package pdftex.def Info: ./figures/linear_crop.pdf  used on input line 255.
(pdftex.def)             Requested size: 123.0pt x 159.17313pt.
<./figures/anneal_time_scaling.pdf, id=255, 505.89pt x 289.08pt>
File: ./figures/anneal_time_scaling.pdf Graphic file (type pdf)
<use ./figures/anneal_time_scaling.pdf>
Package pdftex.def Info: ./figures/anneal_time_scaling.pdf  used on input line 
270.
(pdftex.def)             Requested size: 246.0pt x 140.57414pt.
LaTeX Font Info:    Trying to load font information for T1+cmtt on input line 2
75.
 (/usr/local/texlive/2020/texmf-dist/tex/latex/base/t1cmtt.fd
File: t1cmtt.fd 2019/12/16 v2.5j Standard LaTeX font definitions
)
<./figures/scaling_baseline.pdf, id=258, 505.89pt x 289.08pt>
File: ./figures/scaling_baseline.pdf Graphic file (type pdf)
<use ./figures/scaling_baseline.pdf>
Package pdftex.def Info: ./figures/scaling_baseline.pdf  used on input line 279
.
(pdftex.def)             Requested size: 246.0pt x 140.57414pt.
<./figures/anneal_schedule.pdf, id=262, 505.89pt x 289.08pt>
File: ./figures/anneal_schedule.pdf Graphic file (type pdf)
<use ./figures/anneal_schedule.pdf>
Package pdftex.def Info: ./figures/anneal_schedule.pdf  used on input line 294.

(pdftex.def)             Requested size: 246.0pt x 140.57414pt.
 [4 <./figures/linear_crop.pdf> <./figures/anneal_time_scaling.pdf>]

LaTeX Warning: A float is stuck (cannot be placed) on input line 306.


LaTeX Warning: A float is stuck (cannot be placed) on input line 306.


Class revtex4 Warning: Deferred float stuck during \clearpage processing.

<./figures/scaling_comparison_all.pdf, id=331, 505.89pt x 289.08pt>
File: ./figures/scaling_comparison_all.pdf Graphic file (type pdf)
<use ./figures/scaling_comparison_all.pdf>
Package pdftex.def Info: ./figures/scaling_comparison_all.pdf  used on input li
ne 309.
(pdftex.def)             Requested size: 246.0pt x 140.57414pt.
<./figures/sim_deco.pdf, id=334, 505.89pt x 289.08pt>
File: ./figures/sim_deco.pdf Graphic file (type pdf)
<use ./figures/sim_deco.pdf>
Package pdftex.def Info: ./figures/sim_deco.pdf  used on input line 325.
(pdftex.def)             Requested size: 246.0pt x 140.57414pt.

LaTeX Warning: Reference `' on page 5 undefined on input line 330.

<./figures/spectrum_all.pdf, id=340, 505.89pt x 578.16pt>
File: ./figures/spectrum_all.pdf Graphic file (type pdf)
<use ./figures/spectrum_all.pdf>
Package pdftex.def Info: ./figures/spectrum_all.pdf  used on input line 336.
(pdftex.def)             Requested size: 246.0pt x 281.1483pt.
[5 <./figures/scaling_baseline.pdf> <./figures/anneal_schedule.pdf

pdfTeX warning: /usr/local/texlive/2020/bin/x86_64-darwin/pdflatex (file ./figu
res/anneal_schedule.pdf): PDF inclusion: multiple pdfs with page group included
 in a single page
> <./figures/scaling_comparison_all.pdf

pdfTeX warning: /usr/local/texlive/2020/bin/x86_64-darwin/pdflatex (file ./figu
res/scaling_comparison_all.pdf): PDF inclusion: multiple pdfs with page group i
ncluded in a single page
>]

LaTeX Warning: A float is stuck (cannot be placed) on input line 343.


LaTeX Warning: A float is stuck (cannot be placed) on input line 343.


Class revtex4 Warning: Deferred float stuck during \clearpage processing.

<./figures/full_prob_deco.pdf, id=469, 505.89pt x 289.08pt>
File: ./figures/full_prob_deco.pdf Graphic file (type pdf)
<use ./figures/full_prob_deco.pdf>
Package pdftex.def Info: ./figures/full_prob_deco.pdf  used on input line 355.
(pdftex.def)             Requested size: 246.0pt x 140.57414pt.
<./figures/hybridization.pdf, id=470, 505.89pt x 289.08pt>
File: ./figures/hybridization.pdf Graphic file (type pdf)
<use ./figures/hybridization.pdf>
Package pdftex.def Info: ./figures/hybridization.pdf  used on input line 356.
(pdftex.def)             Requested size: 246.0pt x 140.57414pt.
<./figures/final_state_distribution.pdf, id=471, 505.89pt x 794.97pt>
File: ./figures/final_state_distribution.pdf Graphic file (type pdf)
<use ./figures/final_state_distribution.pdf>
Package pdftex.def Info: ./figures/final_state_distribution.pdf  used on input 
line 363.
(pdftex.def)             Requested size: 246.0pt x 386.57893pt.
[6 <./figures/sim_deco.pdf> <./figures/spectrum_all.pdf

pdfTeX warning: /usr/local/texlive/2020/bin/x86_64-darwin/pdflatex (file ./figu
res/spectrum_all.pdf): PDF inclusion: multiple pdfs with page group included in
 a single page
>]
Underfull \hbox (badness 4518) in paragraph at lines 419--421
\T1/cmr/m/n/10 where the pro-jec-tion op-er-a-tor onto the de-gen-er-
 []

<./figures/check.png, id=553, 373.395pt x 264.99pt>
File: ./figures/check.png Graphic file (type png)
<use ./figures/check.png>
Package pdftex.def Info: ./figures/check.png  used on input line 446.
(pdftex.def)             Requested size: 246.0pt x 174.57855pt.
[7 <./figures/full_prob_deco.pdf> <./figures/hybridization.pdf

pdfTeX warning: /usr/local/texlive/2020/bin/x86_64-darwin/pdflatex (file ./figu
res/hybridization.pdf): PDF inclusion: multiple pdfs with page group included i
n a single page
>]

LaTeX Warning: A float is stuck (cannot be placed) on input line 464.


LaTeX Warning: A float is stuck (cannot be placed) on input line 464.


Class revtex4 Warning: Deferred float stuck during \clearpage processing.

<./figures/coherence.pdf, id=638, 505.89pt x 289.08pt>
File: ./figures/coherence.pdf Graphic file (type pdf)
<use ./figures/coherence.pdf>
Package pdftex.def Info: ./figures/coherence.pdf  used on input line 467.
(pdftex.def)             Requested size: 246.0pt x 140.57414pt.
No file main.bbl.

Package natbib Warning: There were undefined citations.

Package atveryend Info: Empty hook `BeforeClearDocument' on input line 490.
Package atveryend Info: Empty hook `AfterLastShipout' on input line 490.
[8 <./figures/final_state_distribution.pdf> <./figures/check.png> <./figures/co
herence.pdf

pdfTeX warning: /usr/local/texlive/2020/bin/x86_64-darwin/pdflatex (file ./figu
res/coherence.pdf): PDF inclusion: multiple pdfs with page group included in a 
single page
>]
(/Users/metafalass/PycharmProjects/quantum_linear_programming/paper/compile/mai
n.aux)
Package atveryend Info: Executing hook `AtVeryEndDocument' on input line 490.
Package atveryend Info: Executing hook `AtEndAfterFileList' on input line 490.
Package rerunfilecheck Info: File `main.out' has not changed.
(rerunfilecheck)             Checksum: AC5E2E619A5467B22E93CB283940B7B1;1223.


LaTeX Warning: There were undefined references.


LaTeX Warning: There were multiply-defined labels.

 ) 
Here is how much of TeX's memory you used:
 8423 strings out of 480608
 122852 string characters out of 5903631
 413833 words of memory out of 5000000
 24030 multiletter control sequences out of 15000+600000
 553910 words of font info for 87 fonts, out of 8000000 for 9000
 1141 hyphenation exceptions out of 8191
 34i,15n,31p,1412b,378s stack positions out of 5000i,500n,10000p,200000b,80000s
{/usr/local/texlive/2020/texmf-dist/fonts/enc/dvips/cm-super/cm-super-t1.enc}
 </Users/metafalass/Library/texlive/2020/texmf-var/fonts/pk/ljfour/public/bbm/b
bm10.600pk></usr/local/texlive/2020/texmf-dist/fonts/type1/public/amsfonts/cm/c
mex10.pfb></usr/local/texlive/2020/texmf-dist/fonts/type1/public/amsfonts/cm/cm
mi10.pfb></usr/local/texlive/2020/texmf-dist/fonts/type1/public/amsfonts/cm/cmm
i12.pfb></usr/local/texlive/2020/texmf-dist/fonts/type1/public/amsfonts/cm/cmmi
5.pfb></usr/local/texlive/2020/texmf-dist/fonts/type1/public/amsfonts/cm/cmmi6.
pfb></usr/local/texlive/2020/texmf-dist/fonts/type1/public/amsfonts/cm/cmmi7.pf
b></usr/local/texlive/2020/texmf-dist/fonts/type1/public/amsfonts/cm/cmmi9.pfb>
</usr/local/texlive/2020/texmf-dist/fonts/type1/public/amsfonts/cm/cmr10.pfb></
usr/local/texlive/2020/texmf-dist/fonts/type1/public/amsfonts/cm/cmr12.pfb></us
r/local/texlive/2020/texmf-dist/fonts/type1/public/amsfonts/cm/cmr7.pfb></usr/l
ocal/texlive/2020/texmf-dist/fonts/type1/public/amsfonts/cm/cmr9.pfb></usr/loca
l/texlive/2020/texmf-dist/fonts/type1/public/amsfonts/cm/cmsy10.pfb></usr/local
/texlive/2020/texmf-dist/fonts/type1/public/amsfonts/cm/cmsy7.pfb></usr/local/t
exlive/2020/texmf-dist/fonts/type1/public/amsfonts/cm/cmsy9.pfb></usr/local/tex
live/2020/texmf-dist/fonts/type1/public/amsfonts/cm/cmti10.pfb></usr/local/texl
ive/2020/texmf-dist/fonts/type1/public/amsfonts/cm/cmti7.pfb></usr/local/texliv
e/2020/texmf-dist/fonts/type1/public/doublestroke/dsrom10.pfb></usr/local/texli
ve/2020/texmf-dist/fonts/type1/public/amsfonts/symbols/msbm10.pfb></usr/local/t
exlive/2020/texmf-dist/fonts/type1/public/cm-super/sfbx0900.pfb></usr/local/tex
live/2020/texmf-dist/fonts/type1/public/cm-super/sfbx1000.pfb></usr/local/texli
ve/2020/texmf-dist/fonts/type1/public/cm-super/sfbx1200.pfb></usr/local/texlive
/2020/texmf-dist/fonts/type1/public/cm-super/sfrm0700.pfb></usr/local/texlive/2
020/texmf-dist/fonts/type1/public/cm-super/sfrm0800.pfb></usr/local/texlive/202
0/texmf-dist/fonts/type1/public/cm-super/sfrm0900.pfb></usr/local/texlive/2020/
texmf-dist/fonts/type1/public/cm-super/sfrm1000.pfb></usr/local/texlive/2020/te
xmf-dist/fonts/type1/public/cm-super/sfti0600.pfb></usr/local/texlive/2020/texm
f-dist/fonts/type1/public/cm-super/sfti0900.pfb></usr/local/texlive/2020/texmf-
dist/fonts/type1/public/cm-super/sfti1000.pfb></usr/local/texlive/2020/texmf-di
st/fonts/type1/public/cm-super/sftt1000.pfb>
Output written on /Users/metafalass/PycharmProjects/quantum_linear_programming/
paper/compile/main.pdf (8 pages, 737072 bytes).
PDF statistics:
 833 PDF objects out of 1000 (max. 8388607)
 424 compressed objects within 5 object streams
 82 named destinations out of 1000 (max. 500000)
 248 words of extra memory for PDF output out of 10000 (max. 10000000)

